[2025-01-17T05:25:00.884+0000] {processor.py:186} INFO - Started process (PID=111) to work on /opt/airflow/dags/dag1.py
[2025-01-17T05:25:00.890+0000] {processor.py:914} INFO - Processing file /opt/airflow/dags/dag1.py for tasks to queue
[2025-01-17T05:25:00.928+0000] {logging_mixin.py:190} INFO - [2025-01-17T05:25:00.918+0000] {dagbag.py:588} INFO - Filling up the DagBag from /opt/airflow/dags/dag1.py
[2025-01-17T05:25:01.522+0000] {processor.py:925} INFO - DAG(s) 'first_dag' retrieved from /opt/airflow/dags/dag1.py
[2025-01-17T05:34:34.046+0000] {processor.py:186} INFO - Started process (PID=169) to work on /opt/airflow/dags/dag1.py
[2025-01-17T05:34:34.051+0000] {processor.py:914} INFO - Processing file /opt/airflow/dags/dag1.py for tasks to queue
[2025-01-17T05:34:34.103+0000] {logging_mixin.py:190} INFO - [2025-01-17T05:34:34.096+0000] {dagbag.py:588} INFO - Filling up the DagBag from /opt/airflow/dags/dag1.py
[2025-01-17T05:34:34.364+0000] {processor.py:925} INFO - DAG(s) 'first_dag' retrieved from /opt/airflow/dags/dag1.py
[2025-01-17T05:34:36.829+0000] {logging_mixin.py:190} INFO - [2025-01-17T05:34:36.827+0000] {override.py:1911} INFO - Created Permission View: can read on DAG:first_dag
[2025-01-17T05:34:36.905+0000] {logging_mixin.py:190} INFO - [2025-01-17T05:34:36.904+0000] {override.py:1911} INFO - Created Permission View: can edit on DAG:first_dag
[2025-01-17T05:34:36.993+0000] {logging_mixin.py:190} INFO - [2025-01-17T05:34:36.989+0000] {override.py:1911} INFO - Created Permission View: can delete on DAG:first_dag
[2025-01-17T05:34:37.055+0000] {logging_mixin.py:190} INFO - [2025-01-17T05:34:37.054+0000] {override.py:1911} INFO - Created Permission View: menu access on DAG Run:first_dag
[2025-01-17T05:34:37.121+0000] {logging_mixin.py:190} INFO - [2025-01-17T05:34:37.117+0000] {override.py:1911} INFO - Created Permission View: can create on DAG Run:first_dag
[2025-01-17T05:34:37.206+0000] {logging_mixin.py:190} INFO - [2025-01-17T05:34:37.205+0000] {override.py:1911} INFO - Created Permission View: can read on DAG Run:first_dag
[2025-01-17T05:34:37.409+0000] {logging_mixin.py:190} INFO - [2025-01-17T05:34:37.391+0000] {override.py:1911} INFO - Created Permission View: can delete on DAG Run:first_dag
[2025-01-17T05:34:37.419+0000] {logging_mixin.py:190} INFO - [2025-01-17T05:34:37.418+0000] {dag.py:3239} INFO - Sync 1 DAGs
[2025-01-17T05:34:37.741+0000] {logging_mixin.py:190} INFO - [2025-01-17T05:34:37.737+0000] {dag.py:3262} INFO - Creating ORM DAG for first_dag
[2025-01-17T05:34:38.148+0000] {logging_mixin.py:190} INFO - [2025-01-17T05:34:38.139+0000] {dag.py:4180} INFO - Setting next_dagrun for first_dag to 2025-01-16 00:00:00+00:00, run_after=2025-01-17 00:00:00+00:00
[2025-01-17T05:34:38.453+0000] {processor.py:208} INFO - Processing /opt/airflow/dags/dag1.py took 4.489 seconds
[2025-01-17T05:35:31.638+0000] {processor.py:186} INFO - Started process (PID=192) to work on /opt/airflow/dags/dag1.py
[2025-01-17T05:35:31.645+0000] {processor.py:914} INFO - Processing file /opt/airflow/dags/dag1.py for tasks to queue
[2025-01-17T05:35:31.673+0000] {logging_mixin.py:190} INFO - [2025-01-17T05:35:31.666+0000] {dagbag.py:588} INFO - Filling up the DagBag from /opt/airflow/dags/dag1.py
[2025-01-17T05:35:31.810+0000] {processor.py:925} INFO - DAG(s) 'first_dag' retrieved from /opt/airflow/dags/dag1.py
[2025-01-17T05:35:32.006+0000] {logging_mixin.py:190} INFO - [2025-01-17T05:35:32.005+0000] {dag.py:3239} INFO - Sync 1 DAGs
[2025-01-17T05:35:32.243+0000] {logging_mixin.py:190} INFO - [2025-01-17T05:35:32.240+0000] {dag.py:4180} INFO - Setting next_dagrun for first_dag to 2025-01-16 00:00:00+00:00, run_after=2025-01-17 00:00:00+00:00
[2025-01-17T05:35:32.388+0000] {processor.py:208} INFO - Processing /opt/airflow/dags/dag1.py took 0.802 seconds
[2025-01-17T05:36:02.681+0000] {processor.py:186} INFO - Started process (PID=211) to work on /opt/airflow/dags/dag1.py
[2025-01-17T05:36:02.687+0000] {processor.py:914} INFO - Processing file /opt/airflow/dags/dag1.py for tasks to queue
[2025-01-17T05:36:02.712+0000] {logging_mixin.py:190} INFO - [2025-01-17T05:36:02.709+0000] {dagbag.py:588} INFO - Filling up the DagBag from /opt/airflow/dags/dag1.py
[2025-01-17T05:36:02.794+0000] {processor.py:925} INFO - DAG(s) 'first_dag' retrieved from /opt/airflow/dags/dag1.py
[2025-01-17T05:36:02.956+0000] {logging_mixin.py:190} INFO - [2025-01-17T05:36:02.955+0000] {dag.py:3239} INFO - Sync 1 DAGs
[2025-01-17T05:36:03.081+0000] {logging_mixin.py:190} INFO - [2025-01-17T05:36:03.078+0000] {dag.py:4180} INFO - Setting next_dagrun for first_dag to 2025-01-16 00:00:00+00:00, run_after=2025-01-17 00:00:00+00:00
[2025-01-17T05:36:03.173+0000] {processor.py:208} INFO - Processing /opt/airflow/dags/dag1.py took 0.534 seconds
[2025-01-17T05:36:33.840+0000] {processor.py:186} INFO - Started process (PID=228) to work on /opt/airflow/dags/dag1.py
[2025-01-17T05:36:33.848+0000] {processor.py:914} INFO - Processing file /opt/airflow/dags/dag1.py for tasks to queue
[2025-01-17T05:36:33.871+0000] {logging_mixin.py:190} INFO - [2025-01-17T05:36:33.866+0000] {dagbag.py:588} INFO - Filling up the DagBag from /opt/airflow/dags/dag1.py
[2025-01-17T05:36:34.008+0000] {processor.py:925} INFO - DAG(s) 'first_dag' retrieved from /opt/airflow/dags/dag1.py
[2025-01-17T05:36:34.284+0000] {logging_mixin.py:190} INFO - [2025-01-17T05:36:34.275+0000] {dag.py:3239} INFO - Sync 1 DAGs
[2025-01-17T05:36:34.555+0000] {logging_mixin.py:190} INFO - [2025-01-17T05:36:34.550+0000] {dag.py:4180} INFO - Setting next_dagrun for first_dag to 2025-01-16 00:00:00+00:00, run_after=2025-01-17 00:00:00+00:00
[2025-01-17T05:36:35.211+0000] {processor.py:208} INFO - Processing /opt/airflow/dags/dag1.py took 1.446 seconds
[2025-01-17T05:40:17.226+0000] {processor.py:186} INFO - Started process (PID=247) to work on /opt/airflow/dags/dag1.py
[2025-01-17T05:40:17.234+0000] {processor.py:914} INFO - Processing file /opt/airflow/dags/dag1.py for tasks to queue
[2025-01-17T05:40:17.249+0000] {logging_mixin.py:190} INFO - [2025-01-17T05:40:17.248+0000] {dagbag.py:588} INFO - Filling up the DagBag from /opt/airflow/dags/dag1.py
[2025-01-17T05:40:17.533+0000] {processor.py:925} INFO - DAG(s) 'first_dag' retrieved from /opt/airflow/dags/dag1.py
[2025-01-17T05:40:18.298+0000] {logging_mixin.py:190} INFO - [2025-01-17T05:40:18.278+0000] {dag.py:3239} INFO - Sync 1 DAGs
[2025-01-17T05:40:18.584+0000] {logging_mixin.py:190} INFO - [2025-01-17T05:40:18.576+0000] {dag.py:4180} INFO - Setting next_dagrun for first_dag to 2025-01-16 00:00:00+00:00, run_after=2025-01-17 00:00:00+00:00
[2025-01-17T05:40:19.939+0000] {processor.py:208} INFO - Processing /opt/airflow/dags/dag1.py took 2.786 seconds
[2025-01-17T05:43:27.023+0000] {processor.py:186} INFO - Started process (PID=255) to work on /opt/airflow/dags/dag1.py
[2025-01-17T05:43:27.124+0000] {processor.py:914} INFO - Processing file /opt/airflow/dags/dag1.py for tasks to queue
[2025-01-17T05:43:27.198+0000] {logging_mixin.py:190} INFO - [2025-01-17T05:43:27.151+0000] {dagbag.py:588} INFO - Filling up the DagBag from /opt/airflow/dags/dag1.py
[2025-01-17T05:43:29.077+0000] {processor.py:925} INFO - DAG(s) 'first_dag' retrieved from /opt/airflow/dags/dag1.py
[2025-01-17T05:44:19.075+0000] {logging_mixin.py:190} INFO - [2025-01-17T05:44:18.262+0000] {dag.py:3239} INFO - Sync 1 DAGs
[2025-01-17T05:52:15.218+0000] {processor.py:186} INFO - Started process (PID=263) to work on /opt/airflow/dags/dag1.py
[2025-01-17T05:52:15.443+0000] {processor.py:914} INFO - Processing file /opt/airflow/dags/dag1.py for tasks to queue
[2025-01-17T05:52:16.616+0000] {logging_mixin.py:190} INFO - [2025-01-17T05:52:15.851+0000] {dagbag.py:588} INFO - Filling up the DagBag from /opt/airflow/dags/dag1.py
[2025-01-17T05:59:18.004+0000] {processor.py:186} INFO - Started process (PID=300) to work on /opt/airflow/dags/dag1.py
[2025-01-17T05:59:18.444+0000] {processor.py:914} INFO - Processing file /opt/airflow/dags/dag1.py for tasks to queue
[2025-01-17T05:59:18.828+0000] {logging_mixin.py:190} INFO - [2025-01-17T05:59:18.664+0000] {dagbag.py:588} INFO - Filling up the DagBag from /opt/airflow/dags/dag1.py
[2025-01-17T05:59:23.375+0000] {processor.py:925} INFO - DAG(s) 'first_dag' retrieved from /opt/airflow/dags/dag1.py
[2025-01-17T05:59:52.754+0000] {logging_mixin.py:190} INFO - [2025-01-17T05:59:52.748+0000] {dag.py:3239} INFO - Sync 1 DAGs
[2025-01-17T05:59:53.615+0000] {logging_mixin.py:190} INFO - [2025-01-17T05:59:53.612+0000] {dag.py:4180} INFO - Setting next_dagrun for first_dag to 2025-01-16 00:00:00+00:00, run_after=2025-01-17 00:00:00+00:00
[2025-01-17T05:59:54.018+0000] {processor.py:208} INFO - Processing /opt/airflow/dags/dag1.py took 37.090 seconds
[2025-01-17T06:08:15.228+0000] {processor.py:186} INFO - Started process (PID=333) to work on /opt/airflow/dags/dag1.py
[2025-01-17T06:08:15.346+0000] {processor.py:914} INFO - Processing file /opt/airflow/dags/dag1.py for tasks to queue
[2025-01-17T06:08:16.500+0000] {logging_mixin.py:190} INFO - [2025-01-17T06:08:15.801+0000] {dagbag.py:588} INFO - Filling up the DagBag from /opt/airflow/dags/dag1.py
[2025-01-17T06:08:22.496+0000] {processor.py:925} INFO - DAG(s) 'first_dag' retrieved from /opt/airflow/dags/dag1.py
[2025-01-17T06:08:35.228+0000] {logging_mixin.py:190} INFO - [2025-01-17T06:08:35.188+0000] {dag.py:3239} INFO - Sync 1 DAGs
[2025-01-17T06:13:43.362+0000] {processor.py:186} INFO - Started process (PID=353) to work on /opt/airflow/dags/dag1.py
[2025-01-17T06:13:43.423+0000] {processor.py:914} INFO - Processing file /opt/airflow/dags/dag1.py for tasks to queue
[2025-01-17T06:13:43.730+0000] {logging_mixin.py:190} INFO - [2025-01-17T06:13:43.548+0000] {dagbag.py:588} INFO - Filling up the DagBag from /opt/airflow/dags/dag1.py
[2025-01-17T06:13:52.342+0000] {processor.py:925} INFO - DAG(s) 'first_dag' retrieved from /opt/airflow/dags/dag1.py
[2025-01-17T06:20:26.757+0000] {processor.py:186} INFO - Started process (PID=374) to work on /opt/airflow/dags/dag1.py
[2025-01-17T06:20:26.760+0000] {processor.py:914} INFO - Processing file /opt/airflow/dags/dag1.py for tasks to queue
[2025-01-17T06:20:26.771+0000] {logging_mixin.py:190} INFO - [2025-01-17T06:20:26.768+0000] {dagbag.py:588} INFO - Filling up the DagBag from /opt/airflow/dags/dag1.py
[2025-01-17T06:20:26.914+0000] {processor.py:925} INFO - DAG(s) 'first_dag' retrieved from /opt/airflow/dags/dag1.py
[2025-01-17T06:20:27.644+0000] {logging_mixin.py:190} INFO - [2025-01-17T06:20:27.643+0000] {dag.py:3239} INFO - Sync 1 DAGs
[2025-01-17T06:20:27.752+0000] {logging_mixin.py:190} INFO - [2025-01-17T06:20:27.751+0000] {dag.py:4180} INFO - Setting next_dagrun for first_dag to 2025-01-16 00:00:00+00:00, run_after=2025-01-17 00:00:00+00:00
[2025-01-17T06:20:27.995+0000] {processor.py:208} INFO - Processing /opt/airflow/dags/dag1.py took 1.261 seconds
[2025-01-17T06:20:58.394+0000] {processor.py:186} INFO - Started process (PID=391) to work on /opt/airflow/dags/dag1.py
[2025-01-17T06:20:58.401+0000] {processor.py:914} INFO - Processing file /opt/airflow/dags/dag1.py for tasks to queue
[2025-01-17T06:20:58.421+0000] {logging_mixin.py:190} INFO - [2025-01-17T06:20:58.417+0000] {dagbag.py:588} INFO - Filling up the DagBag from /opt/airflow/dags/dag1.py
[2025-01-17T06:20:58.537+0000] {processor.py:925} INFO - DAG(s) 'first_dag' retrieved from /opt/airflow/dags/dag1.py
[2025-01-17T06:20:58.698+0000] {logging_mixin.py:190} INFO - [2025-01-17T06:20:58.697+0000] {dag.py:3239} INFO - Sync 1 DAGs
[2025-01-17T06:20:58.832+0000] {logging_mixin.py:190} INFO - [2025-01-17T06:20:58.830+0000] {dag.py:4180} INFO - Setting next_dagrun for first_dag to 2025-01-16 00:00:00+00:00, run_after=2025-01-17 00:00:00+00:00
[2025-01-17T06:20:58.932+0000] {processor.py:208} INFO - Processing /opt/airflow/dags/dag1.py took 0.565 seconds
[2025-01-17T06:25:53.086+0000] {processor.py:186} INFO - Started process (PID=417) to work on /opt/airflow/dags/dag1.py
[2025-01-17T06:25:53.123+0000] {processor.py:914} INFO - Processing file /opt/airflow/dags/dag1.py for tasks to queue
[2025-01-17T06:25:55.345+0000] {logging_mixin.py:190} INFO - [2025-01-17T06:25:55.309+0000] {dagbag.py:588} INFO - Filling up the DagBag from /opt/airflow/dags/dag1.py
[2025-01-17T06:26:06.434+0000] {processor.py:925} INFO - DAG(s) 'first_dag' retrieved from /opt/airflow/dags/dag1.py
[2025-01-17T06:26:14.731+0000] {logging_mixin.py:190} INFO - [2025-01-17T06:26:14.699+0000] {dag.py:3239} INFO - Sync 1 DAGs
[2025-01-17T06:26:17.049+0000] {logging_mixin.py:190} INFO - [2025-01-17T06:26:17.033+0000] {dag.py:4180} INFO - Setting next_dagrun for first_dag to 2025-01-16 00:00:00+00:00, run_after=2025-01-17 00:00:00+00:00
[2025-01-17T06:26:21.828+0000] {processor.py:208} INFO - Processing /opt/airflow/dags/dag1.py took 29.559 seconds
[2025-01-17T06:32:36.621+0000] {processor.py:186} INFO - Started process (PID=447) to work on /opt/airflow/dags/dag1.py
[2025-01-17T06:32:37.067+0000] {processor.py:914} INFO - Processing file /opt/airflow/dags/dag1.py for tasks to queue
[2025-01-17T06:32:44.630+0000] {logging_mixin.py:190} INFO - [2025-01-17T06:32:38.963+0000] {dagbag.py:588} INFO - Filling up the DagBag from /opt/airflow/dags/dag1.py
[2025-01-17T06:32:48.783+0000] {processor.py:925} INFO - DAG(s) 'first_dag' retrieved from /opt/airflow/dags/dag1.py
[2025-01-17T06:43:13.199+0000] {processor.py:186} INFO - Started process (PID=478) to work on /opt/airflow/dags/dag1.py
[2025-01-17T06:43:13.225+0000] {processor.py:914} INFO - Processing file /opt/airflow/dags/dag1.py for tasks to queue
[2025-01-17T06:43:13.266+0000] {logging_mixin.py:190} INFO - [2025-01-17T06:43:13.247+0000] {dagbag.py:588} INFO - Filling up the DagBag from /opt/airflow/dags/dag1.py
[2025-01-17T06:43:14.352+0000] {processor.py:925} INFO - DAG(s) 'first_dag' retrieved from /opt/airflow/dags/dag1.py
[2025-01-17T06:43:24.677+0000] {logging_mixin.py:190} INFO - [2025-01-17T06:43:24.623+0000] {dag.py:3239} INFO - Sync 1 DAGs
[2025-01-17T06:43:28.152+0000] {logging_mixin.py:190} INFO - [2025-01-17T06:43:28.117+0000] {dag.py:4180} INFO - Setting next_dagrun for first_dag to 2025-01-16 00:00:00+00:00, run_after=2025-01-17 00:00:00+00:00
[2025-01-17T06:43:31.344+0000] {processor.py:208} INFO - Processing /opt/airflow/dags/dag1.py took 18.935 seconds
[2025-01-17T06:50:21.401+0000] {processor.py:186} INFO - Started process (PID=510) to work on /opt/airflow/dags/dag1.py
[2025-01-17T06:50:21.552+0000] {processor.py:914} INFO - Processing file /opt/airflow/dags/dag1.py for tasks to queue
[2025-01-17T06:50:21.875+0000] {logging_mixin.py:190} INFO - [2025-01-17T06:50:21.709+0000] {dagbag.py:588} INFO - Filling up the DagBag from /opt/airflow/dags/dag1.py
[2025-01-17T06:52:00.962+0000] {processor.py:925} INFO - DAG(s) 'first_dag' retrieved from /opt/airflow/dags/dag1.py
[2025-01-17T06:57:20.154+0000] {processor.py:186} INFO - Started process (PID=528) to work on /opt/airflow/dags/dag1.py
[2025-01-17T06:57:20.172+0000] {processor.py:914} INFO - Processing file /opt/airflow/dags/dag1.py for tasks to queue
[2025-01-17T06:57:20.197+0000] {logging_mixin.py:190} INFO - [2025-01-17T06:57:20.196+0000] {dagbag.py:588} INFO - Filling up the DagBag from /opt/airflow/dags/dag1.py
[2025-01-17T06:57:20.390+0000] {processor.py:925} INFO - DAG(s) 'first_dag' retrieved from /opt/airflow/dags/dag1.py
[2025-01-17T06:57:22.022+0000] {logging_mixin.py:190} INFO - [2025-01-17T06:57:22.004+0000] {dag.py:3239} INFO - Sync 1 DAGs
[2025-01-17T06:57:22.442+0000] {logging_mixin.py:190} INFO - [2025-01-17T06:57:22.441+0000] {dag.py:4180} INFO - Setting next_dagrun for first_dag to 2025-01-16 00:00:00+00:00, run_after=2025-01-17 00:00:00+00:00
[2025-01-17T06:57:22.689+0000] {processor.py:208} INFO - Processing /opt/airflow/dags/dag1.py took 2.609 seconds
[2025-01-17T06:57:52.930+0000] {processor.py:186} INFO - Started process (PID=545) to work on /opt/airflow/dags/dag1.py
[2025-01-17T06:57:52.935+0000] {processor.py:914} INFO - Processing file /opt/airflow/dags/dag1.py for tasks to queue
[2025-01-17T06:57:52.954+0000] {logging_mixin.py:190} INFO - [2025-01-17T06:57:52.953+0000] {dagbag.py:588} INFO - Filling up the DagBag from /opt/airflow/dags/dag1.py
[2025-01-17T06:57:53.014+0000] {processor.py:925} INFO - DAG(s) 'first_dag' retrieved from /opt/airflow/dags/dag1.py
[2025-01-17T06:57:53.094+0000] {logging_mixin.py:190} INFO - [2025-01-17T06:57:53.093+0000] {dag.py:3239} INFO - Sync 1 DAGs
[2025-01-17T06:57:53.189+0000] {logging_mixin.py:190} INFO - [2025-01-17T06:57:53.189+0000] {dag.py:4180} INFO - Setting next_dagrun for first_dag to 2025-01-16 00:00:00+00:00, run_after=2025-01-17 00:00:00+00:00
[2025-01-17T06:57:53.258+0000] {processor.py:208} INFO - Processing /opt/airflow/dags/dag1.py took 0.358 seconds
[2025-01-17T06:58:23.382+0000] {processor.py:186} INFO - Started process (PID=564) to work on /opt/airflow/dags/dag1.py
[2025-01-17T06:58:23.388+0000] {processor.py:914} INFO - Processing file /opt/airflow/dags/dag1.py for tasks to queue
[2025-01-17T06:58:23.406+0000] {logging_mixin.py:190} INFO - [2025-01-17T06:58:23.405+0000] {dagbag.py:588} INFO - Filling up the DagBag from /opt/airflow/dags/dag1.py
[2025-01-17T06:58:23.455+0000] {processor.py:925} INFO - DAG(s) 'first_dag' retrieved from /opt/airflow/dags/dag1.py
[2025-01-17T06:58:23.516+0000] {logging_mixin.py:190} INFO - [2025-01-17T06:58:23.515+0000] {dag.py:3239} INFO - Sync 1 DAGs
[2025-01-17T06:58:23.557+0000] {logging_mixin.py:190} INFO - [2025-01-17T06:58:23.556+0000] {dag.py:4180} INFO - Setting next_dagrun for first_dag to 2025-01-16 00:00:00+00:00, run_after=2025-01-17 00:00:00+00:00
[2025-01-17T06:58:23.595+0000] {processor.py:208} INFO - Processing /opt/airflow/dags/dag1.py took 0.232 seconds
[2025-01-17T07:03:13.177+0000] {processor.py:186} INFO - Started process (PID=585) to work on /opt/airflow/dags/dag1.py
[2025-01-17T07:03:13.348+0000] {processor.py:914} INFO - Processing file /opt/airflow/dags/dag1.py for tasks to queue
[2025-01-17T07:03:14.109+0000] {logging_mixin.py:190} INFO - [2025-01-17T07:03:13.656+0000] {dagbag.py:588} INFO - Filling up the DagBag from /opt/airflow/dags/dag1.py
[2025-01-17T07:03:18.555+0000] {processor.py:925} INFO - DAG(s) 'first_dag' retrieved from /opt/airflow/dags/dag1.py
[2025-01-17T07:03:22.099+0000] {logging_mixin.py:190} INFO - [2025-01-17T07:03:22.068+0000] {dag.py:3239} INFO - Sync 1 DAGs
[2025-01-17T07:03:26.554+0000] {logging_mixin.py:190} INFO - [2025-01-17T07:03:26.507+0000] {dag.py:4180} INFO - Setting next_dagrun for first_dag to 2025-01-16 00:00:00+00:00, run_after=2025-01-17 00:00:00+00:00
[2025-01-17T07:03:30.240+0000] {processor.py:208} INFO - Processing /opt/airflow/dags/dag1.py took 21.134 seconds
[2025-01-17T07:07:28.636+0000] {processor.py:186} INFO - Started process (PID=600) to work on /opt/airflow/dags/dag1.py
[2025-01-17T07:07:29.125+0000] {processor.py:914} INFO - Processing file /opt/airflow/dags/dag1.py for tasks to queue
[2025-01-17T07:07:31.075+0000] {logging_mixin.py:190} INFO - [2025-01-17T07:07:30.395+0000] {dagbag.py:588} INFO - Filling up the DagBag from /opt/airflow/dags/dag1.py
[2025-01-17T07:07:41.934+0000] {processor.py:925} INFO - DAG(s) 'first_dag' retrieved from /opt/airflow/dags/dag1.py
[2025-01-17T07:07:46.603+0000] {logging_mixin.py:190} INFO - [2025-01-17T07:07:46.563+0000] {dag.py:3239} INFO - Sync 1 DAGs
[2025-01-17T07:07:49.390+0000] {logging_mixin.py:190} INFO - [2025-01-17T07:07:49.384+0000] {dag.py:4180} INFO - Setting next_dagrun for first_dag to 2025-01-16 00:00:00+00:00, run_after=2025-01-17 00:00:00+00:00
[2025-01-17T07:07:51.827+0000] {processor.py:208} INFO - Processing /opt/airflow/dags/dag1.py took 26.269 seconds
