[2025-01-17T05:24:09.372+0000] {processor.py:186} INFO - Started process (PID=104) to work on /opt/airflow/dags/hourly..py
[2025-01-17T05:24:09.417+0000] {processor.py:914} INFO - Processing file /opt/airflow/dags/hourly..py for tasks to queue
[2025-01-17T05:24:09.691+0000] {logging_mixin.py:190} INFO - [2025-01-17T05:24:09.531+0000] {dagbag.py:588} INFO - Filling up the DagBag from /opt/airflow/dags/hourly..py
[2025-01-17T05:24:39.771+0000] {processor.py:925} INFO - DAG(s) 'hourly_dag' retrieved from /opt/airflow/dags/hourly..py
[2025-01-17T05:34:28.588+0000] {processor.py:186} INFO - Started process (PID=167) to work on /opt/airflow/dags/hourly..py
[2025-01-17T05:34:28.593+0000] {processor.py:914} INFO - Processing file /opt/airflow/dags/hourly..py for tasks to queue
[2025-01-17T05:34:28.613+0000] {logging_mixin.py:190} INFO - [2025-01-17T05:34:28.611+0000] {dagbag.py:588} INFO - Filling up the DagBag from /opt/airflow/dags/hourly..py
[2025-01-17T05:34:29.006+0000] {processor.py:925} INFO - DAG(s) 'hourly_dag' retrieved from /opt/airflow/dags/hourly..py
[2025-01-17T05:34:31.615+0000] {logging_mixin.py:190} INFO - [2025-01-17T05:34:31.582+0000] {override.py:1911} INFO - Created Permission View: can read on DAG:hourly_dag
[2025-01-17T05:34:31.886+0000] {logging_mixin.py:190} INFO - [2025-01-17T05:34:31.885+0000] {override.py:1911} INFO - Created Permission View: can edit on DAG:hourly_dag
[2025-01-17T05:34:32.036+0000] {logging_mixin.py:190} INFO - [2025-01-17T05:34:32.035+0000] {override.py:1911} INFO - Created Permission View: can delete on DAG:hourly_dag
[2025-01-17T05:34:32.111+0000] {logging_mixin.py:190} INFO - [2025-01-17T05:34:32.110+0000] {override.py:1911} INFO - Created Permission View: menu access on DAG Run:hourly_dag
[2025-01-17T05:34:32.181+0000] {logging_mixin.py:190} INFO - [2025-01-17T05:34:32.173+0000] {override.py:1911} INFO - Created Permission View: can create on DAG Run:hourly_dag
[2025-01-17T05:34:32.369+0000] {logging_mixin.py:190} INFO - [2025-01-17T05:34:32.365+0000] {override.py:1911} INFO - Created Permission View: can read on DAG Run:hourly_dag
[2025-01-17T05:34:32.547+0000] {logging_mixin.py:190} INFO - [2025-01-17T05:34:32.518+0000] {override.py:1911} INFO - Created Permission View: can delete on DAG Run:hourly_dag
[2025-01-17T05:34:32.574+0000] {logging_mixin.py:190} INFO - [2025-01-17T05:34:32.573+0000] {dag.py:3239} INFO - Sync 1 DAGs
[2025-01-17T05:34:32.889+0000] {logging_mixin.py:190} INFO - [2025-01-17T05:34:32.886+0000] {dag.py:3262} INFO - Creating ORM DAG for hourly_dag
[2025-01-17T05:34:33.205+0000] {logging_mixin.py:190} INFO - [2025-01-17T05:34:33.202+0000] {dag.py:4180} INFO - Setting next_dagrun for hourly_dag to 2025-01-17 04:00:00+00:00, run_after=2025-01-17 05:00:00+00:00
[2025-01-17T05:34:33.625+0000] {processor.py:208} INFO - Processing /opt/airflow/dags/hourly..py took 5.096 seconds
[2025-01-17T05:35:30.186+0000] {processor.py:186} INFO - Started process (PID=191) to work on /opt/airflow/dags/hourly..py
[2025-01-17T05:35:30.191+0000] {processor.py:914} INFO - Processing file /opt/airflow/dags/hourly..py for tasks to queue
[2025-01-17T05:35:30.256+0000] {logging_mixin.py:190} INFO - [2025-01-17T05:35:30.229+0000] {dagbag.py:588} INFO - Filling up the DagBag from /opt/airflow/dags/hourly..py
[2025-01-17T05:35:30.537+0000] {processor.py:925} INFO - DAG(s) 'hourly_dag' retrieved from /opt/airflow/dags/hourly..py
[2025-01-17T05:35:30.892+0000] {logging_mixin.py:190} INFO - [2025-01-17T05:35:30.889+0000] {dag.py:3239} INFO - Sync 1 DAGs
[2025-01-17T05:35:31.271+0000] {logging_mixin.py:190} INFO - [2025-01-17T05:35:31.270+0000] {dag.py:4180} INFO - Setting next_dagrun for hourly_dag to 2025-01-17 04:00:00+00:00, run_after=2025-01-17 05:00:00+00:00
[2025-01-17T05:35:31.479+0000] {processor.py:208} INFO - Processing /opt/airflow/dags/hourly..py took 1.358 seconds
[2025-01-17T05:36:01.787+0000] {processor.py:186} INFO - Started process (PID=209) to work on /opt/airflow/dags/hourly..py
[2025-01-17T05:36:01.794+0000] {processor.py:914} INFO - Processing file /opt/airflow/dags/hourly..py for tasks to queue
[2025-01-17T05:36:01.834+0000] {logging_mixin.py:190} INFO - [2025-01-17T05:36:01.831+0000] {dagbag.py:588} INFO - Filling up the DagBag from /opt/airflow/dags/hourly..py
[2025-01-17T05:36:01.977+0000] {processor.py:925} INFO - DAG(s) 'hourly_dag' retrieved from /opt/airflow/dags/hourly..py
[2025-01-17T05:36:02.180+0000] {logging_mixin.py:190} INFO - [2025-01-17T05:36:02.176+0000] {dag.py:3239} INFO - Sync 1 DAGs
[2025-01-17T05:36:02.360+0000] {logging_mixin.py:190} INFO - [2025-01-17T05:36:02.359+0000] {dag.py:4180} INFO - Setting next_dagrun for hourly_dag to 2025-01-17 04:00:00+00:00, run_after=2025-01-17 05:00:00+00:00
[2025-01-17T05:36:02.472+0000] {processor.py:208} INFO - Processing /opt/airflow/dags/hourly..py took 0.736 seconds
[2025-01-17T05:36:32.863+0000] {processor.py:186} INFO - Started process (PID=227) to work on /opt/airflow/dags/hourly..py
[2025-01-17T05:36:32.866+0000] {processor.py:914} INFO - Processing file /opt/airflow/dags/hourly..py for tasks to queue
[2025-01-17T05:36:32.878+0000] {logging_mixin.py:190} INFO - [2025-01-17T05:36:32.873+0000] {dagbag.py:588} INFO - Filling up the DagBag from /opt/airflow/dags/hourly..py
[2025-01-17T05:36:32.941+0000] {processor.py:925} INFO - DAG(s) 'hourly_dag' retrieved from /opt/airflow/dags/hourly..py
[2025-01-17T05:36:33.085+0000] {logging_mixin.py:190} INFO - [2025-01-17T05:36:33.082+0000] {dag.py:3239} INFO - Sync 1 DAGs
[2025-01-17T05:36:33.252+0000] {logging_mixin.py:190} INFO - [2025-01-17T05:36:33.249+0000] {dag.py:4180} INFO - Setting next_dagrun for hourly_dag to 2025-01-17 04:00:00+00:00, run_after=2025-01-17 05:00:00+00:00
[2025-01-17T05:36:33.618+0000] {processor.py:208} INFO - Processing /opt/airflow/dags/hourly..py took 0.837 seconds
[2025-01-17T05:40:16.528+0000] {processor.py:186} INFO - Started process (PID=246) to work on /opt/airflow/dags/hourly..py
[2025-01-17T05:40:16.542+0000] {processor.py:914} INFO - Processing file /opt/airflow/dags/hourly..py for tasks to queue
[2025-01-17T05:40:16.561+0000] {logging_mixin.py:190} INFO - [2025-01-17T05:40:16.550+0000] {dagbag.py:588} INFO - Filling up the DagBag from /opt/airflow/dags/hourly..py
[2025-01-17T05:40:16.892+0000] {processor.py:925} INFO - DAG(s) 'hourly_dag' retrieved from /opt/airflow/dags/hourly..py
[2025-01-17T05:40:17.231+0000] {logging_mixin.py:190} INFO - [2025-01-17T05:40:17.229+0000] {dag.py:3239} INFO - Sync 1 DAGs
[2025-01-17T05:40:17.747+0000] {logging_mixin.py:190} INFO - [2025-01-17T05:40:17.711+0000] {dag.py:4180} INFO - Setting next_dagrun for hourly_dag to 2025-01-17 04:00:00+00:00, run_after=2025-01-17 05:00:00+00:00
[2025-01-17T05:40:18.062+0000] {processor.py:208} INFO - Processing /opt/airflow/dags/hourly..py took 1.674 seconds
[2025-01-17T05:43:17.936+0000] {processor.py:186} INFO - Started process (PID=253) to work on /opt/airflow/dags/hourly..py
[2025-01-17T05:43:17.971+0000] {processor.py:914} INFO - Processing file /opt/airflow/dags/hourly..py for tasks to queue
[2025-01-17T05:43:18.046+0000] {logging_mixin.py:190} INFO - [2025-01-17T05:43:18.021+0000] {dagbag.py:588} INFO - Filling up the DagBag from /opt/airflow/dags/hourly..py
[2025-01-17T05:43:18.801+0000] {processor.py:925} INFO - DAG(s) 'hourly_dag' retrieved from /opt/airflow/dags/hourly..py
[2025-01-17T05:43:22.254+0000] {logging_mixin.py:190} INFO - [2025-01-17T05:43:22.170+0000] {dag.py:3239} INFO - Sync 1 DAGs
[2025-01-17T05:43:23.299+0000] {logging_mixin.py:190} INFO - [2025-01-17T05:43:23.283+0000] {dag.py:4180} INFO - Setting next_dagrun for hourly_dag to 2025-01-17 04:00:00+00:00, run_after=2025-01-17 05:00:00+00:00
[2025-01-17T05:43:25.321+0000] {processor.py:208} INFO - Processing /opt/airflow/dags/hourly..py took 7.580 seconds
[2025-01-17T05:52:15.218+0000] {processor.py:186} INFO - Started process (PID=262) to work on /opt/airflow/dags/hourly..py
[2025-01-17T05:52:15.443+0000] {processor.py:914} INFO - Processing file /opt/airflow/dags/hourly..py for tasks to queue
[2025-01-17T05:52:16.820+0000] {logging_mixin.py:190} INFO - [2025-01-17T05:52:15.857+0000] {dagbag.py:588} INFO - Filling up the DagBag from /opt/airflow/dags/hourly..py
[2025-01-17T05:58:52.123+0000] {processor.py:186} INFO - Started process (PID=299) to work on /opt/airflow/dags/hourly..py
[2025-01-17T05:58:53.040+0000] {processor.py:914} INFO - Processing file /opt/airflow/dags/hourly..py for tasks to queue
[2025-01-17T05:58:53.976+0000] {logging_mixin.py:190} INFO - [2025-01-17T05:58:53.969+0000] {dagbag.py:588} INFO - Filling up the DagBag from /opt/airflow/dags/hourly..py
[2025-01-17T05:58:55.808+0000] {processor.py:925} INFO - DAG(s) 'hourly_dag' retrieved from /opt/airflow/dags/hourly..py
[2025-01-17T06:07:57.476+0000] {processor.py:186} INFO - Started process (PID=332) to work on /opt/airflow/dags/hourly..py
[2025-01-17T06:07:57.595+0000] {processor.py:914} INFO - Processing file /opt/airflow/dags/hourly..py for tasks to queue
[2025-01-17T06:07:58.034+0000] {logging_mixin.py:190} INFO - [2025-01-17T06:07:57.781+0000] {dagbag.py:588} INFO - Filling up the DagBag from /opt/airflow/dags/hourly..py
[2025-01-17T06:08:11.566+0000] {processor.py:925} INFO - DAG(s) 'hourly_dag' retrieved from /opt/airflow/dags/hourly..py
[2025-01-17T06:13:43.362+0000] {processor.py:186} INFO - Started process (PID=352) to work on /opt/airflow/dags/hourly..py
[2025-01-17T06:13:43.423+0000] {processor.py:914} INFO - Processing file /opt/airflow/dags/hourly..py for tasks to queue
[2025-01-17T06:13:43.730+0000] {logging_mixin.py:190} INFO - [2025-01-17T06:13:43.548+0000] {dagbag.py:588} INFO - Filling up the DagBag from /opt/airflow/dags/hourly..py
[2025-01-17T06:13:52.342+0000] {processor.py:925} INFO - DAG(s) 'hourly_dag' retrieved from /opt/airflow/dags/hourly..py
[2025-01-17T06:20:25.134+0000] {processor.py:186} INFO - Started process (PID=372) to work on /opt/airflow/dags/hourly..py
[2025-01-17T06:20:25.138+0000] {processor.py:914} INFO - Processing file /opt/airflow/dags/hourly..py for tasks to queue
[2025-01-17T06:20:25.153+0000] {logging_mixin.py:190} INFO - [2025-01-17T06:20:25.151+0000] {dagbag.py:588} INFO - Filling up the DagBag from /opt/airflow/dags/hourly..py
[2025-01-17T06:20:25.305+0000] {processor.py:925} INFO - DAG(s) 'hourly_dag' retrieved from /opt/airflow/dags/hourly..py
[2025-01-17T06:20:26.181+0000] {logging_mixin.py:190} INFO - [2025-01-17T06:20:26.178+0000] {dag.py:3239} INFO - Sync 1 DAGs
[2025-01-17T06:20:26.371+0000] {logging_mixin.py:190} INFO - [2025-01-17T06:20:26.369+0000] {dag.py:4180} INFO - Setting next_dagrun for hourly_dag to 2025-01-17 05:00:00+00:00, run_after=2025-01-17 06:00:00+00:00
[2025-01-17T06:20:26.664+0000] {processor.py:208} INFO - Processing /opt/airflow/dags/hourly..py took 1.567 seconds
[2025-01-17T06:20:56.939+0000] {processor.py:186} INFO - Started process (PID=390) to work on /opt/airflow/dags/hourly..py
[2025-01-17T06:20:56.941+0000] {processor.py:914} INFO - Processing file /opt/airflow/dags/hourly..py for tasks to queue
[2025-01-17T06:20:56.955+0000] {logging_mixin.py:190} INFO - [2025-01-17T06:20:56.953+0000] {dagbag.py:588} INFO - Filling up the DagBag from /opt/airflow/dags/hourly..py
[2025-01-17T06:20:56.996+0000] {processor.py:925} INFO - DAG(s) 'hourly_dag' retrieved from /opt/airflow/dags/hourly..py
[2025-01-17T06:20:57.107+0000] {logging_mixin.py:190} INFO - [2025-01-17T06:20:57.106+0000] {dag.py:3239} INFO - Sync 1 DAGs
[2025-01-17T06:20:57.204+0000] {logging_mixin.py:190} INFO - [2025-01-17T06:20:57.204+0000] {dag.py:4180} INFO - Setting next_dagrun for hourly_dag to 2025-01-17 05:00:00+00:00, run_after=2025-01-17 06:00:00+00:00
[2025-01-17T06:20:57.256+0000] {processor.py:208} INFO - Processing /opt/airflow/dags/hourly..py took 0.335 seconds
[2025-01-17T06:23:49.160+0000] {processor.py:186} INFO - Started process (PID=410) to work on /opt/airflow/dags/hourly..py
[2025-01-17T06:23:49.179+0000] {processor.py:914} INFO - Processing file /opt/airflow/dags/hourly..py for tasks to queue
[2025-01-17T06:23:49.557+0000] {logging_mixin.py:190} INFO - [2025-01-17T06:23:49.484+0000] {dagbag.py:588} INFO - Filling up the DagBag from /opt/airflow/dags/hourly..py
[2025-01-17T06:25:45.056+0000] {processor.py:925} INFO - DAG(s) 'hourly_dag' retrieved from /opt/airflow/dags/hourly..py
[2025-01-17T06:32:36.621+0000] {processor.py:186} INFO - Started process (PID=446) to work on /opt/airflow/dags/hourly..py
[2025-01-17T06:32:37.070+0000] {processor.py:914} INFO - Processing file /opt/airflow/dags/hourly..py for tasks to queue
[2025-01-17T06:32:44.574+0000] {logging_mixin.py:190} INFO - [2025-01-17T06:32:38.961+0000] {dagbag.py:588} INFO - Filling up the DagBag from /opt/airflow/dags/hourly..py
[2025-01-17T06:32:48.785+0000] {processor.py:925} INFO - DAG(s) 'hourly_dag' retrieved from /opt/airflow/dags/hourly..py
[2025-01-17T06:42:28.335+0000] {processor.py:186} INFO - Started process (PID=471) to work on /opt/airflow/dags/hourly..py
[2025-01-17T06:42:28.399+0000] {processor.py:914} INFO - Processing file /opt/airflow/dags/hourly..py for tasks to queue
[2025-01-17T06:42:28.686+0000] {logging_mixin.py:190} INFO - [2025-01-17T06:42:28.592+0000] {dagbag.py:588} INFO - Filling up the DagBag from /opt/airflow/dags/hourly..py
[2025-01-17T06:43:08.300+0000] {processor.py:925} INFO - DAG(s) 'hourly_dag' retrieved from /opt/airflow/dags/hourly..py
[2025-01-17T06:49:08.670+0000] {processor.py:186} INFO - Started process (PID=509) to work on /opt/airflow/dags/hourly..py
[2025-01-17T06:49:08.735+0000] {processor.py:914} INFO - Processing file /opt/airflow/dags/hourly..py for tasks to queue
[2025-01-17T06:49:08.973+0000] {logging_mixin.py:190} INFO - [2025-01-17T06:49:08.861+0000] {dagbag.py:588} INFO - Filling up the DagBag from /opt/airflow/dags/hourly..py
[2025-01-17T06:49:11.580+0000] {processor.py:925} INFO - DAG(s) 'hourly_dag' retrieved from /opt/airflow/dags/hourly..py
[2025-01-17T06:57:17.499+0000] {processor.py:186} INFO - Started process (PID=526) to work on /opt/airflow/dags/hourly..py
[2025-01-17T06:57:17.506+0000] {processor.py:914} INFO - Processing file /opt/airflow/dags/hourly..py for tasks to queue
[2025-01-17T06:57:17.534+0000] {logging_mixin.py:190} INFO - [2025-01-17T06:57:17.532+0000] {dagbag.py:588} INFO - Filling up the DagBag from /opt/airflow/dags/hourly..py
[2025-01-17T06:57:17.697+0000] {processor.py:925} INFO - DAG(s) 'hourly_dag' retrieved from /opt/airflow/dags/hourly..py
[2025-01-17T06:57:19.198+0000] {logging_mixin.py:190} INFO - [2025-01-17T06:57:19.197+0000] {dag.py:3239} INFO - Sync 1 DAGs
[2025-01-17T06:57:19.607+0000] {logging_mixin.py:190} INFO - [2025-01-17T06:57:19.604+0000] {dag.py:4180} INFO - Setting next_dagrun for hourly_dag to 2025-01-17 05:00:00+00:00, run_after=2025-01-17 06:00:00+00:00
[2025-01-17T06:57:19.892+0000] {processor.py:208} INFO - Processing /opt/airflow/dags/hourly..py took 2.415 seconds
[2025-01-17T06:57:50.164+0000] {processor.py:186} INFO - Started process (PID=544) to work on /opt/airflow/dags/hourly..py
[2025-01-17T06:57:50.168+0000] {processor.py:914} INFO - Processing file /opt/airflow/dags/hourly..py for tasks to queue
[2025-01-17T06:57:50.176+0000] {logging_mixin.py:190} INFO - [2025-01-17T06:57:50.175+0000] {dagbag.py:588} INFO - Filling up the DagBag from /opt/airflow/dags/hourly..py
[2025-01-17T06:57:50.209+0000] {processor.py:925} INFO - DAG(s) 'hourly_dag' retrieved from /opt/airflow/dags/hourly..py
[2025-01-17T06:57:50.366+0000] {logging_mixin.py:190} INFO - [2025-01-17T06:57:50.364+0000] {dag.py:3239} INFO - Sync 1 DAGs
[2025-01-17T06:57:50.568+0000] {logging_mixin.py:190} INFO - [2025-01-17T06:57:50.566+0000] {dag.py:4180} INFO - Setting next_dagrun for hourly_dag to 2025-01-17 05:00:00+00:00, run_after=2025-01-17 06:00:00+00:00
[2025-01-17T06:57:50.670+0000] {processor.py:208} INFO - Processing /opt/airflow/dags/hourly..py took 0.539 seconds
[2025-01-17T06:58:21.127+0000] {processor.py:186} INFO - Started process (PID=563) to work on /opt/airflow/dags/hourly..py
[2025-01-17T06:58:21.129+0000] {processor.py:914} INFO - Processing file /opt/airflow/dags/hourly..py for tasks to queue
[2025-01-17T06:58:21.135+0000] {logging_mixin.py:190} INFO - [2025-01-17T06:58:21.134+0000] {dagbag.py:588} INFO - Filling up the DagBag from /opt/airflow/dags/hourly..py
[2025-01-17T06:58:21.155+0000] {processor.py:925} INFO - DAG(s) 'hourly_dag' retrieved from /opt/airflow/dags/hourly..py
[2025-01-17T06:58:21.198+0000] {logging_mixin.py:190} INFO - [2025-01-17T06:58:21.197+0000] {dag.py:3239} INFO - Sync 1 DAGs
[2025-01-17T06:58:21.241+0000] {logging_mixin.py:190} INFO - [2025-01-17T06:58:21.240+0000] {dag.py:4180} INFO - Setting next_dagrun for hourly_dag to 2025-01-17 05:00:00+00:00, run_after=2025-01-17 06:00:00+00:00
[2025-01-17T06:58:21.286+0000] {processor.py:208} INFO - Processing /opt/airflow/dags/hourly..py took 0.171 seconds
[2025-01-17T07:01:28.721+0000] {processor.py:186} INFO - Started process (PID=584) to work on /opt/airflow/dags/hourly..py
[2025-01-17T07:01:29.050+0000] {processor.py:914} INFO - Processing file /opt/airflow/dags/hourly..py for tasks to queue
[2025-01-17T07:01:30.582+0000] {logging_mixin.py:190} INFO - [2025-01-17T07:01:30.234+0000] {dagbag.py:588} INFO - Filling up the DagBag from /opt/airflow/dags/hourly..py
[2025-01-17T07:01:57.082+0000] {processor.py:925} INFO - DAG(s) 'hourly_dag' retrieved from /opt/airflow/dags/hourly..py
[2025-01-17T07:02:43.048+0000] {processor.py:211} ERROR - Got an exception! Propagating...
Traceback (most recent call last):
  File "/home/airflow/.local/lib/python3.12/site-packages/sqlalchemy/engine/base.py", line 3371, in _wrap_pool_connect
    return fn()
           ^^^^
  File "/home/airflow/.local/lib/python3.12/site-packages/sqlalchemy/pool/base.py", line 327, in connect
    return _ConnectionFairy._checkout(self)
           ^^^^^^^^^^^^^^^^^^^^^^^^^^^^^^^^
  File "/home/airflow/.local/lib/python3.12/site-packages/sqlalchemy/pool/base.py", line 894, in _checkout
    fairy = _ConnectionRecord.checkout(pool)
            ^^^^^^^^^^^^^^^^^^^^^^^^^^^^^^^^
  File "/home/airflow/.local/lib/python3.12/site-packages/sqlalchemy/pool/base.py", line 493, in checkout
    rec = pool._do_get()
          ^^^^^^^^^^^^^^
  File "/home/airflow/.local/lib/python3.12/site-packages/sqlalchemy/pool/impl.py", line 145, in _do_get
    with util.safe_reraise():
         ^^^^^^^^^^^^^^^^^^^
  File "/home/airflow/.local/lib/python3.12/site-packages/sqlalchemy/util/langhelpers.py", line 70, in __exit__
    compat.raise_(
  File "/home/airflow/.local/lib/python3.12/site-packages/sqlalchemy/util/compat.py", line 211, in raise_
    raise exception
  File "/home/airflow/.local/lib/python3.12/site-packages/sqlalchemy/pool/impl.py", line 143, in _do_get
    return self._create_connection()
           ^^^^^^^^^^^^^^^^^^^^^^^^^
  File "/home/airflow/.local/lib/python3.12/site-packages/sqlalchemy/pool/base.py", line 273, in _create_connection
    return _ConnectionRecord(self)
           ^^^^^^^^^^^^^^^^^^^^^^^
  File "/home/airflow/.local/lib/python3.12/site-packages/sqlalchemy/pool/base.py", line 388, in __init__
    self.__connect()
  File "/home/airflow/.local/lib/python3.12/site-packages/sqlalchemy/pool/base.py", line 690, in __connect
    with util.safe_reraise():
         ^^^^^^^^^^^^^^^^^^^
  File "/home/airflow/.local/lib/python3.12/site-packages/sqlalchemy/util/langhelpers.py", line 70, in __exit__
    compat.raise_(
  File "/home/airflow/.local/lib/python3.12/site-packages/sqlalchemy/util/compat.py", line 211, in raise_
    raise exception
  File "/home/airflow/.local/lib/python3.12/site-packages/sqlalchemy/pool/base.py", line 686, in __connect
    self.dbapi_connection = connection = pool._invoke_creator(self)
                                         ^^^^^^^^^^^^^^^^^^^^^^^^^^
  File "/home/airflow/.local/lib/python3.12/site-packages/sqlalchemy/engine/create.py", line 574, in connect
    return dialect.connect(*cargs, **cparams)
           ^^^^^^^^^^^^^^^^^^^^^^^^^^^^^^^^^^
  File "/home/airflow/.local/lib/python3.12/site-packages/sqlalchemy/engine/default.py", line 598, in connect
    return self.dbapi.connect(*cargs, **cparams)
           ^^^^^^^^^^^^^^^^^^^^^^^^^^^^^^^^^^^^^
  File "/home/airflow/.local/lib/python3.12/site-packages/psycopg2/__init__.py", line 122, in connect
    conn = _connect(dsn, connection_factory=connection_factory, **kwasync)
           ^^^^^^^^^^^^^^^^^^^^^^^^^^^^^^^^^^^^^^^^^^^^^^^^^^^^^^^^^^^^^^^
psycopg2.OperationalError: could not translate host name "postgres" to address: Temporary failure in name resolution


The above exception was the direct cause of the following exception:

Traceback (most recent call last):
  File "/home/airflow/.local/lib/python3.12/site-packages/airflow/dag_processing/processor.py", line 207, in _run_file_processor
    _handle_dag_file_processing()
  File "/home/airflow/.local/lib/python3.12/site-packages/airflow/dag_processing/processor.py", line 188, in _handle_dag_file_processing
    result: tuple[int, int, int] = dag_file_processor.process_file(
                                   ^^^^^^^^^^^^^^^^^^^^^^^^^^^^^^^^
  File "/home/airflow/.local/lib/python3.12/site-packages/airflow/utils/session.py", line 97, in wrapper
    return func(*args, session=session, **kwargs)
           ^^^^^^^^^^^^^^^^^^^^^^^^^^^^^^^^^^^^^^
  File "/home/airflow/.local/lib/python3.12/site-packages/airflow/dag_processing/processor.py", line 942, in process_file
    serialize_errors = DagFileProcessor.save_dag_to_db(
                       ^^^^^^^^^^^^^^^^^^^^^^^^^^^^^^^^
  File "/home/airflow/.local/lib/python3.12/site-packages/airflow/api_internal/internal_api_call.py", line 166, in wrapper
    return func(*args, **kwargs)
           ^^^^^^^^^^^^^^^^^^^^^
  File "/home/airflow/.local/lib/python3.12/site-packages/airflow/utils/session.py", line 97, in wrapper
    return func(*args, session=session, **kwargs)
           ^^^^^^^^^^^^^^^^^^^^^^^^^^^^^^^^^^^^^^
  File "/home/airflow/.local/lib/python3.12/site-packages/airflow/dag_processing/processor.py", line 982, in save_dag_to_db
    import_errors = DagBag._sync_to_db(dags=dags, processor_subdir=dag_directory, session=session)
                    ^^^^^^^^^^^^^^^^^^^^^^^^^^^^^^^^^^^^^^^^^^^^^^^^^^^^^^^^^^^^^^^^^^^^^^^^^^^^^^
  File "/home/airflow/.local/lib/python3.12/site-packages/airflow/utils/session.py", line 94, in wrapper
    return func(*args, **kwargs)
           ^^^^^^^^^^^^^^^^^^^^^
  File "/home/airflow/.local/lib/python3.12/site-packages/airflow/models/dagbag.py", line 708, in _sync_to_db
    for attempt in run_with_db_retries(logger=log):
                   ^^^^^^^^^^^^^^^^^^^^^^^^^^^^^^^
  File "/home/airflow/.local/lib/python3.12/site-packages/tenacity/__init__.py", line 443, in __iter__
    do = self.iter(retry_state=retry_state)
         ^^^^^^^^^^^^^^^^^^^^^^^^^^^^^^^^^^
  File "/home/airflow/.local/lib/python3.12/site-packages/tenacity/__init__.py", line 376, in iter
    result = action(retry_state)
             ^^^^^^^^^^^^^^^^^^^
  File "/home/airflow/.local/lib/python3.12/site-packages/tenacity/__init__.py", line 418, in exc_check
    raise retry_exc.reraise()
          ^^^^^^^^^^^^^^^^^^^
  File "/home/airflow/.local/lib/python3.12/site-packages/tenacity/__init__.py", line 185, in reraise
    raise self.last_attempt.result()
          ^^^^^^^^^^^^^^^^^^^^^^^^^^
  File "/usr/local/lib/python3.12/concurrent/futures/_base.py", line 449, in result
    return self.__get_result()
           ^^^^^^^^^^^^^^^^^^^
  File "/usr/local/lib/python3.12/concurrent/futures/_base.py", line 401, in __get_result
    raise self._exception
  File "/home/airflow/.local/lib/python3.12/site-packages/airflow/models/dagbag.py", line 721, in _sync_to_db
    _serialize_dag_capturing_errors(dag, session, processor_subdir)
  File "/home/airflow/.local/lib/python3.12/site-packages/airflow/models/dagbag.py", line 686, in _serialize_dag_capturing_errors
    dag_was_updated = SerializedDagModel.write_dag(
                      ^^^^^^^^^^^^^^^^^^^^^^^^^^^^^
  File "/home/airflow/.local/lib/python3.12/site-packages/airflow/utils/session.py", line 94, in wrapper
    return func(*args, **kwargs)
           ^^^^^^^^^^^^^^^^^^^^^
  File "/home/airflow/.local/lib/python3.12/site-packages/airflow/models/serialized_dag.py", line 160, in write_dag
    if session.scalar(
       ^^^^^^^^^^^^^^^
  File "/home/airflow/.local/lib/python3.12/site-packages/sqlalchemy/orm/session.py", line 1747, in scalar
    return self.execute(
           ^^^^^^^^^^^^^
  File "/home/airflow/.local/lib/python3.12/site-packages/sqlalchemy/orm/session.py", line 1716, in execute
    conn = self._connection_for_bind(bind)
           ^^^^^^^^^^^^^^^^^^^^^^^^^^^^^^^
  File "/home/airflow/.local/lib/python3.12/site-packages/sqlalchemy/orm/session.py", line 1555, in _connection_for_bind
    return self._transaction._connection_for_bind(
           ^^^^^^^^^^^^^^^^^^^^^^^^^^^^^^^^^^^^^^^
  File "/home/airflow/.local/lib/python3.12/site-packages/sqlalchemy/orm/session.py", line 750, in _connection_for_bind
    conn = bind.connect()
           ^^^^^^^^^^^^^^
  File "/home/airflow/.local/lib/python3.12/site-packages/sqlalchemy/future/engine.py", line 412, in connect
    return super(Engine, self).connect()
           ^^^^^^^^^^^^^^^^^^^^^^^^^^^^^
  File "/home/airflow/.local/lib/python3.12/site-packages/sqlalchemy/engine/base.py", line 3325, in connect
    return self._connection_cls(self, close_with_result=close_with_result)
           ^^^^^^^^^^^^^^^^^^^^^^^^^^^^^^^^^^^^^^^^^^^^^^^^^^^^^^^^^^^^^^^
  File "/home/airflow/.local/lib/python3.12/site-packages/sqlalchemy/engine/base.py", line 96, in __init__
    else engine.raw_connection()
         ^^^^^^^^^^^^^^^^^^^^^^^
  File "/home/airflow/.local/lib/python3.12/site-packages/sqlalchemy/engine/base.py", line 3404, in raw_connection
    return self._wrap_pool_connect(self.pool.connect, _connection)
           ^^^^^^^^^^^^^^^^^^^^^^^^^^^^^^^^^^^^^^^^^^^^^^^^^^^^^^^
  File "/home/airflow/.local/lib/python3.12/site-packages/sqlalchemy/engine/base.py", line 3374, in _wrap_pool_connect
    Connection._handle_dbapi_exception_noconnection(
  File "/home/airflow/.local/lib/python3.12/site-packages/sqlalchemy/engine/base.py", line 2208, in _handle_dbapi_exception_noconnection
    util.raise_(
  File "/home/airflow/.local/lib/python3.12/site-packages/sqlalchemy/util/compat.py", line 211, in raise_
    raise exception
  File "/home/airflow/.local/lib/python3.12/site-packages/sqlalchemy/engine/base.py", line 3371, in _wrap_pool_connect
    return fn()
           ^^^^
  File "/home/airflow/.local/lib/python3.12/site-packages/sqlalchemy/pool/base.py", line 327, in connect
    return _ConnectionFairy._checkout(self)
           ^^^^^^^^^^^^^^^^^^^^^^^^^^^^^^^^
  File "/home/airflow/.local/lib/python3.12/site-packages/sqlalchemy/pool/base.py", line 894, in _checkout
    fairy = _ConnectionRecord.checkout(pool)
            ^^^^^^^^^^^^^^^^^^^^^^^^^^^^^^^^
  File "/home/airflow/.local/lib/python3.12/site-packages/sqlalchemy/pool/base.py", line 493, in checkout
    rec = pool._do_get()
          ^^^^^^^^^^^^^^
  File "/home/airflow/.local/lib/python3.12/site-packages/sqlalchemy/pool/impl.py", line 145, in _do_get
    with util.safe_reraise():
         ^^^^^^^^^^^^^^^^^^^
  File "/home/airflow/.local/lib/python3.12/site-packages/sqlalchemy/util/langhelpers.py", line 70, in __exit__
    compat.raise_(
  File "/home/airflow/.local/lib/python3.12/site-packages/sqlalchemy/util/compat.py", line 211, in raise_
    raise exception
  File "/home/airflow/.local/lib/python3.12/site-packages/sqlalchemy/pool/impl.py", line 143, in _do_get
    return self._create_connection()
           ^^^^^^^^^^^^^^^^^^^^^^^^^
  File "/home/airflow/.local/lib/python3.12/site-packages/sqlalchemy/pool/base.py", line 273, in _create_connection
    return _ConnectionRecord(self)
           ^^^^^^^^^^^^^^^^^^^^^^^
  File "/home/airflow/.local/lib/python3.12/site-packages/sqlalchemy/pool/base.py", line 388, in __init__
    self.__connect()
  File "/home/airflow/.local/lib/python3.12/site-packages/sqlalchemy/pool/base.py", line 690, in __connect
    with util.safe_reraise():
         ^^^^^^^^^^^^^^^^^^^
  File "/home/airflow/.local/lib/python3.12/site-packages/sqlalchemy/util/langhelpers.py", line 70, in __exit__
    compat.raise_(
  File "/home/airflow/.local/lib/python3.12/site-packages/sqlalchemy/util/compat.py", line 211, in raise_
    raise exception
  File "/home/airflow/.local/lib/python3.12/site-packages/sqlalchemy/pool/base.py", line 686, in __connect
    self.dbapi_connection = connection = pool._invoke_creator(self)
                                         ^^^^^^^^^^^^^^^^^^^^^^^^^^
  File "/home/airflow/.local/lib/python3.12/site-packages/sqlalchemy/engine/create.py", line 574, in connect
    return dialect.connect(*cargs, **cparams)
           ^^^^^^^^^^^^^^^^^^^^^^^^^^^^^^^^^^
  File "/home/airflow/.local/lib/python3.12/site-packages/sqlalchemy/engine/default.py", line 598, in connect
    return self.dbapi.connect(*cargs, **cparams)
           ^^^^^^^^^^^^^^^^^^^^^^^^^^^^^^^^^^^^^
  File "/home/airflow/.local/lib/python3.12/site-packages/psycopg2/__init__.py", line 122, in connect
    conn = _connect(dsn, connection_factory=connection_factory, **kwasync)
           ^^^^^^^^^^^^^^^^^^^^^^^^^^^^^^^^^^^^^^^^^^^^^^^^^^^^^^^^^^^^^^^
sqlalchemy.exc.OperationalError: (psycopg2.OperationalError) could not translate host name "postgres" to address: Temporary failure in name resolution

(Background on this error at: https://sqlalche.me/e/14/e3q8)
[2025-01-17T07:07:28.632+0000] {processor.py:186} INFO - Started process (PID=599) to work on /opt/airflow/dags/hourly..py
[2025-01-17T07:07:29.125+0000] {processor.py:914} INFO - Processing file /opt/airflow/dags/hourly..py for tasks to queue
[2025-01-17T07:07:31.075+0000] {logging_mixin.py:190} INFO - [2025-01-17T07:07:30.395+0000] {dagbag.py:588} INFO - Filling up the DagBag from /opt/airflow/dags/hourly..py
[2025-01-17T07:07:41.939+0000] {processor.py:925} INFO - DAG(s) 'hourly_dag' retrieved from /opt/airflow/dags/hourly..py
[2025-01-17T07:07:57.981+0000] {logging_mixin.py:190} INFO - [2025-01-17T07:07:57.976+0000] {dag.py:3239} INFO - Sync 1 DAGs
[2025-01-17T07:07:58.196+0000] {logging_mixin.py:190} INFO - [2025-01-17T07:07:58.195+0000] {dag.py:4180} INFO - Setting next_dagrun for hourly_dag to 2025-01-17 06:00:00+00:00, run_after=2025-01-17 07:00:00+00:00
[2025-01-17T07:07:58.412+0000] {processor.py:208} INFO - Processing /opt/airflow/dags/hourly..py took 32.854 seconds
