[2025-01-17T05:34:58.325+0000] {processor.py:186} INFO - Started process (PID=179) to work on /opt/airflow/dags/sql_csv.py
[2025-01-17T05:34:58.334+0000] {processor.py:914} INFO - Processing file /opt/airflow/dags/sql_csv.py for tasks to queue
[2025-01-17T05:34:58.420+0000] {logging_mixin.py:190} INFO - [2025-01-17T05:34:58.409+0000] {dagbag.py:588} INFO - Filling up the DagBag from /opt/airflow/dags/sql_csv.py
[2025-01-17T05:35:16.316+0000] {processor.py:925} INFO - DAG(s) 'user_processing' retrieved from /opt/airflow/dags/sql_csv.py
[2025-01-17T05:35:21.080+0000] {logging_mixin.py:190} INFO - [2025-01-17T05:35:20.977+0000] {override.py:1911} INFO - Created Permission View: can read on DAG:user_processing
[2025-01-17T05:35:21.239+0000] {logging_mixin.py:190} INFO - [2025-01-17T05:35:21.238+0000] {override.py:1911} INFO - Created Permission View: can edit on DAG:user_processing
[2025-01-17T05:35:21.328+0000] {logging_mixin.py:190} INFO - [2025-01-17T05:35:21.325+0000] {override.py:1911} INFO - Created Permission View: can delete on DAG:user_processing
[2025-01-17T05:35:21.475+0000] {logging_mixin.py:190} INFO - [2025-01-17T05:35:21.474+0000] {override.py:1911} INFO - Created Permission View: menu access on DAG Run:user_processing
[2025-01-17T05:35:21.630+0000] {logging_mixin.py:190} INFO - [2025-01-17T05:35:21.624+0000] {override.py:1911} INFO - Created Permission View: can create on DAG Run:user_processing
[2025-01-17T05:35:21.682+0000] {logging_mixin.py:190} INFO - [2025-01-17T05:35:21.681+0000] {override.py:1911} INFO - Created Permission View: can read on DAG Run:user_processing
[2025-01-17T05:35:21.744+0000] {logging_mixin.py:190} INFO - [2025-01-17T05:35:21.738+0000] {override.py:1911} INFO - Created Permission View: can delete on DAG Run:user_processing
[2025-01-17T05:35:21.759+0000] {logging_mixin.py:190} INFO - [2025-01-17T05:35:21.753+0000] {dag.py:3239} INFO - Sync 1 DAGs
[2025-01-17T05:35:22.131+0000] {logging_mixin.py:190} INFO - [2025-01-17T05:35:22.127+0000] {dag.py:3262} INFO - Creating ORM DAG for user_processing
[2025-01-17T05:35:22.411+0000] {logging_mixin.py:190} INFO - [2025-01-17T05:35:22.404+0000] {dag.py:4180} INFO - Setting next_dagrun for user_processing to 2025-01-16 00:00:00+00:00, run_after=2025-01-17 00:00:00+00:00
[2025-01-17T05:35:22.811+0000] {processor.py:208} INFO - Processing /opt/airflow/dags/sql_csv.py took 24.578 seconds
[2025-01-17T05:35:54.171+0000] {processor.py:186} INFO - Started process (PID=204) to work on /opt/airflow/dags/sql_csv.py
[2025-01-17T05:35:54.274+0000] {processor.py:914} INFO - Processing file /opt/airflow/dags/sql_csv.py for tasks to queue
[2025-01-17T05:35:54.667+0000] {logging_mixin.py:190} INFO - [2025-01-17T05:35:54.605+0000] {dagbag.py:588} INFO - Filling up the DagBag from /opt/airflow/dags/sql_csv.py
[2025-01-17T05:35:59.151+0000] {processor.py:925} INFO - DAG(s) 'user_processing' retrieved from /opt/airflow/dags/sql_csv.py
[2025-01-17T05:35:59.295+0000] {logging_mixin.py:190} INFO - [2025-01-17T05:35:59.288+0000] {dag.py:3239} INFO - Sync 1 DAGs
[2025-01-17T05:35:59.474+0000] {logging_mixin.py:190} INFO - [2025-01-17T05:35:59.473+0000] {dag.py:4180} INFO - Setting next_dagrun for user_processing to 2025-01-16 00:00:00+00:00, run_after=2025-01-17 00:00:00+00:00
[2025-01-17T05:35:59.531+0000] {processor.py:208} INFO - Processing /opt/airflow/dags/sql_csv.py took 5.809 seconds
[2025-01-17T05:36:30.318+0000] {processor.py:186} INFO - Started process (PID=224) to work on /opt/airflow/dags/sql_csv.py
[2025-01-17T05:36:30.323+0000] {processor.py:914} INFO - Processing file /opt/airflow/dags/sql_csv.py for tasks to queue
[2025-01-17T05:36:30.341+0000] {logging_mixin.py:190} INFO - [2025-01-17T05:36:30.340+0000] {dagbag.py:588} INFO - Filling up the DagBag from /opt/airflow/dags/sql_csv.py
[2025-01-17T05:36:38.523+0000] {processor.py:925} INFO - DAG(s) 'user_processing' retrieved from /opt/airflow/dags/sql_csv.py
[2025-01-17T05:36:43.906+0000] {logging_mixin.py:190} INFO - [2025-01-17T05:36:43.505+0000] {dag.py:3239} INFO - Sync 1 DAGs
[2025-01-17T05:40:18.560+0000] {processor.py:186} INFO - Started process (PID=248) to work on /opt/airflow/dags/sql_csv.py
[2025-01-17T05:40:18.569+0000] {processor.py:914} INFO - Processing file /opt/airflow/dags/sql_csv.py for tasks to queue
[2025-01-17T05:40:18.585+0000] {logging_mixin.py:190} INFO - [2025-01-17T05:40:18.577+0000] {dagbag.py:588} INFO - Filling up the DagBag from /opt/airflow/dags/sql_csv.py
[2025-01-17T05:53:05.469+0000] {processor.py:186} INFO - Started process (PID=264) to work on /opt/airflow/dags/sql_csv.py
[2025-01-17T05:53:05.631+0000] {processor.py:914} INFO - Processing file /opt/airflow/dags/sql_csv.py for tasks to queue
[2025-01-17T05:53:05.723+0000] {logging_mixin.py:190} INFO - [2025-01-17T05:53:05.670+0000] {dagbag.py:588} INFO - Filling up the DagBag from /opt/airflow/dags/sql_csv.py
[2025-01-17T05:59:47.146+0000] {processor.py:186} INFO - Started process (PID=301) to work on /opt/airflow/dags/sql_csv.py
[2025-01-17T05:59:47.207+0000] {processor.py:914} INFO - Processing file /opt/airflow/dags/sql_csv.py for tasks to queue
[2025-01-17T05:59:47.332+0000] {logging_mixin.py:190} INFO - [2025-01-17T05:59:47.306+0000] {dagbag.py:588} INFO - Filling up the DagBag from /opt/airflow/dags/sql_csv.py
[2025-01-17T06:11:19.370+0000] {processor.py:186} INFO - Started process (PID=341) to work on /opt/airflow/dags/sql_csv.py
[2025-01-17T06:11:20.247+0000] {processor.py:914} INFO - Processing file /opt/airflow/dags/sql_csv.py for tasks to queue
[2025-01-17T06:11:20.331+0000] {logging_mixin.py:190} INFO - [2025-01-17T06:11:20.291+0000] {dagbag.py:588} INFO - Filling up the DagBag from /opt/airflow/dags/sql_csv.py
[2025-01-17T06:20:37.059+0000] {processor.py:186} INFO - Started process (PID=384) to work on /opt/airflow/dags/sql_csv.py
[2025-01-17T06:20:37.062+0000] {processor.py:914} INFO - Processing file /opt/airflow/dags/sql_csv.py for tasks to queue
[2025-01-17T06:20:37.075+0000] {logging_mixin.py:190} INFO - [2025-01-17T06:20:37.074+0000] {dagbag.py:588} INFO - Filling up the DagBag from /opt/airflow/dags/sql_csv.py
[2025-01-17T06:20:41.264+0000] {processor.py:925} INFO - DAG(s) 'user_processing' retrieved from /opt/airflow/dags/sql_csv.py
[2025-01-17T06:20:43.327+0000] {logging_mixin.py:190} INFO - [2025-01-17T06:20:43.323+0000] {dag.py:3239} INFO - Sync 1 DAGs
[2025-01-17T06:20:43.644+0000] {logging_mixin.py:190} INFO - [2025-01-17T06:20:43.643+0000] {dag.py:4180} INFO - Setting next_dagrun for user_processing to 2025-01-16 00:00:00+00:00, run_after=2025-01-17 00:00:00+00:00
[2025-01-17T06:20:43.817+0000] {processor.py:208} INFO - Processing /opt/airflow/dags/sql_csv.py took 6.802 seconds
[2025-01-17T06:21:14.565+0000] {processor.py:186} INFO - Started process (PID=404) to work on /opt/airflow/dags/sql_csv.py
[2025-01-17T06:21:14.583+0000] {processor.py:914} INFO - Processing file /opt/airflow/dags/sql_csv.py for tasks to queue
[2025-01-17T06:21:14.607+0000] {logging_mixin.py:190} INFO - [2025-01-17T06:21:14.605+0000] {dagbag.py:588} INFO - Filling up the DagBag from /opt/airflow/dags/sql_csv.py
[2025-01-17T06:21:15.509+0000] {processor.py:925} INFO - DAG(s) 'user_processing' retrieved from /opt/airflow/dags/sql_csv.py
[2025-01-17T06:21:15.577+0000] {logging_mixin.py:190} INFO - [2025-01-17T06:21:15.576+0000] {dag.py:3239} INFO - Sync 1 DAGs
[2025-01-17T06:21:15.638+0000] {logging_mixin.py:190} INFO - [2025-01-17T06:21:15.637+0000] {dag.py:4180} INFO - Setting next_dagrun for user_processing to 2025-01-16 00:00:00+00:00, run_after=2025-01-17 00:00:00+00:00
[2025-01-17T06:21:15.673+0000] {processor.py:208} INFO - Processing /opt/airflow/dags/sql_csv.py took 1.151 seconds
[2025-01-17T06:26:24.789+0000] {processor.py:186} INFO - Started process (PID=421) to work on /opt/airflow/dags/sql_csv.py
[2025-01-17T06:26:24.827+0000] {processor.py:914} INFO - Processing file /opt/airflow/dags/sql_csv.py for tasks to queue
[2025-01-17T06:26:24.936+0000] {logging_mixin.py:190} INFO - [2025-01-17T06:26:24.893+0000] {dagbag.py:588} INFO - Filling up the DagBag from /opt/airflow/dags/sql_csv.py
[2025-01-17T06:36:06.702+0000] {processor.py:186} INFO - Started process (PID=465) to work on /opt/airflow/dags/sql_csv.py
[2025-01-17T06:36:06.804+0000] {processor.py:914} INFO - Processing file /opt/airflow/dags/sql_csv.py for tasks to queue
[2025-01-17T06:36:07.173+0000] {logging_mixin.py:190} INFO - [2025-01-17T06:36:06.942+0000] {dagbag.py:588} INFO - Filling up the DagBag from /opt/airflow/dags/sql_csv.py
[2025-01-17T06:43:43.391+0000] {processor.py:186} INFO - Started process (PID=482) to work on /opt/airflow/dags/sql_csv.py
[2025-01-17T06:43:43.530+0000] {processor.py:914} INFO - Processing file /opt/airflow/dags/sql_csv.py for tasks to queue
[2025-01-17T06:43:43.876+0000] {logging_mixin.py:190} INFO - [2025-01-17T06:43:43.762+0000] {dagbag.py:588} INFO - Filling up the DagBag from /opt/airflow/dags/sql_csv.py
[2025-01-17T06:52:09.460+0000] {processor.py:186} INFO - Started process (PID=519) to work on /opt/airflow/dags/sql_csv.py
[2025-01-17T06:52:09.503+0000] {processor.py:914} INFO - Processing file /opt/airflow/dags/sql_csv.py for tasks to queue
[2025-01-17T06:52:09.695+0000] {logging_mixin.py:190} INFO - [2025-01-17T06:52:09.663+0000] {dagbag.py:588} INFO - Filling up the DagBag from /opt/airflow/dags/sql_csv.py
[2025-01-17T06:57:41.935+0000] {processor.py:186} INFO - Started process (PID=538) to work on /opt/airflow/dags/sql_csv.py
[2025-01-17T06:57:41.944+0000] {processor.py:914} INFO - Processing file /opt/airflow/dags/sql_csv.py for tasks to queue
[2025-01-17T06:57:41.980+0000] {logging_mixin.py:190} INFO - [2025-01-17T06:57:41.978+0000] {dagbag.py:588} INFO - Filling up the DagBag from /opt/airflow/dags/sql_csv.py
[2025-01-17T06:57:48.476+0000] {processor.py:925} INFO - DAG(s) 'user_processing' retrieved from /opt/airflow/dags/sql_csv.py
[2025-01-17T06:57:49.725+0000] {logging_mixin.py:190} INFO - [2025-01-17T06:57:49.720+0000] {dag.py:3239} INFO - Sync 1 DAGs
[2025-01-17T06:57:49.855+0000] {logging_mixin.py:190} INFO - [2025-01-17T06:57:49.852+0000] {dag.py:4180} INFO - Setting next_dagrun for user_processing to 2025-01-16 00:00:00+00:00, run_after=2025-01-17 00:00:00+00:00
[2025-01-17T06:57:50.002+0000] {processor.py:208} INFO - Processing /opt/airflow/dags/sql_csv.py took 8.129 seconds
[2025-01-17T06:58:20.179+0000] {processor.py:186} INFO - Started process (PID=561) to work on /opt/airflow/dags/sql_csv.py
[2025-01-17T06:58:20.184+0000] {processor.py:914} INFO - Processing file /opt/airflow/dags/sql_csv.py for tasks to queue
[2025-01-17T06:58:20.191+0000] {logging_mixin.py:190} INFO - [2025-01-17T06:58:20.190+0000] {dagbag.py:588} INFO - Filling up the DagBag from /opt/airflow/dags/sql_csv.py
[2025-01-17T06:58:20.970+0000] {processor.py:925} INFO - DAG(s) 'user_processing' retrieved from /opt/airflow/dags/sql_csv.py
[2025-01-17T06:58:21.013+0000] {logging_mixin.py:190} INFO - [2025-01-17T06:58:21.012+0000] {dag.py:3239} INFO - Sync 1 DAGs
[2025-01-17T06:58:21.047+0000] {logging_mixin.py:190} INFO - [2025-01-17T06:58:21.047+0000] {dag.py:4180} INFO - Setting next_dagrun for user_processing to 2025-01-16 00:00:00+00:00, run_after=2025-01-17 00:00:00+00:00
[2025-01-17T06:58:21.076+0000] {processor.py:208} INFO - Processing /opt/airflow/dags/sql_csv.py took 0.920 seconds
[2025-01-17T07:03:13.178+0000] {processor.py:186} INFO - Started process (PID=586) to work on /opt/airflow/dags/sql_csv.py
[2025-01-17T07:03:13.323+0000] {processor.py:914} INFO - Processing file /opt/airflow/dags/sql_csv.py for tasks to queue
[2025-01-17T07:03:14.135+0000] {logging_mixin.py:190} INFO - [2025-01-17T07:03:13.655+0000] {dagbag.py:588} INFO - Filling up the DagBag from /opt/airflow/dags/sql_csv.py
[2025-01-17T07:03:49.266+0000] {logging_mixin.py:190} INFO - [2025-01-17T07:03:46.675+0000] {timeout.py:68} ERROR - Process timed out, PID: 586
[2025-01-17T07:03:50.664+0000] {logging_mixin.py:190} INFO - [2025-01-17T07:03:49.336+0000] {dagbag.py:387} ERROR - Failed to import: /opt/airflow/dags/sql_csv.py
Traceback (most recent call last):
  File "/home/airflow/.local/lib/python3.12/site-packages/airflow/models/dagbag.py", line 383, in parse
    loader.exec_module(new_module)
  File "<frozen importlib._bootstrap_external>", line 999, in exec_module
  File "<frozen importlib._bootstrap>", line 488, in _call_with_frames_removed
  File "/opt/airflow/dags/sql_csv.py", line 9, in <module>
    from pandas import json_normalize
  File "/home/airflow/.local/lib/python3.12/site-packages/pandas/__init__.py", line 46, in <module>
    from pandas.core.api import (
  File "/home/airflow/.local/lib/python3.12/site-packages/pandas/core/api.py", line 9, in <module>
    from pandas.core.dtypes.dtypes import (
  File "/home/airflow/.local/lib/python3.12/site-packages/pandas/core/dtypes/dtypes.py", line 24, in <module>
    from pandas._libs import (
  File "lib.pyx", line 1, in init pandas._libs.lib
  File "<frozen importlib._bootstrap>", line 463, in _lock_unlock_module
  File "/home/airflow/.local/lib/python3.12/site-packages/airflow/utils/timeout.py", line 69, in handle_timeout
    raise AirflowTaskTimeout(self.error_message)
airflow.exceptions.AirflowTaskTimeout: DagBag import timeout for /opt/airflow/dags/sql_csv.py after 30.0s.
Please take a look at these docs to improve your DAG import time:
* https://airflow.apache.org/docs/apache-airflow/2.10.4/best-practices.html#top-level-python-code
* https://airflow.apache.org/docs/apache-airflow/2.10.4/best-practices.html#reducing-dag-complexity, PID: 586
[2025-01-17T07:03:51.785+0000] {processor.py:927} WARNING - No viable dags retrieved from /opt/airflow/dags/sql_csv.py
[2025-01-17T07:09:48.689+0000] {processor.py:186} INFO - Started process (PID=614) to work on /opt/airflow/dags/sql_csv.py
[2025-01-17T07:09:49.367+0000] {processor.py:914} INFO - Processing file /opt/airflow/dags/sql_csv.py for tasks to queue
[2025-01-17T07:09:50.982+0000] {logging_mixin.py:190} INFO - [2025-01-17T07:09:50.333+0000] {dagbag.py:588} INFO - Filling up the DagBag from /opt/airflow/dags/sql_csv.py
